0 info it worked if it ends with ok
1 verbose cli [ '/home/hari/.local/Apps/node-v4.2.1-linux-x64/bin/node',
1 verbose cli   '/home/hari/.local/bin/npm',
1 verbose cli   'start' ]
2 info using npm@2.14.7
3 info using node@v4.2.1
4 verbose run-script [ 'prestart', 'start', 'poststart' ]
5 info prestart code-templates@0.0.1
6 info start code-templates@0.0.1
7 verbose unsafe-perm in lifecycle true
8 info code-templates@0.0.1 Failed to exec start script
9 verbose stack Error: code-templates@0.0.1 start: `node server.js`
9 verbose stack Exit status 1
9 verbose stack     at EventEmitter.<anonymous> (/home/hari/.local/Apps/node-v4.2.1-linux-x64/lib/node_modules/npm/lib/utils/lifecycle.js:214:16)
9 verbose stack     at emitTwo (events.js:87:13)
9 verbose stack     at EventEmitter.emit (events.js:172:7)
9 verbose stack     at ChildProcess.<anonymous> (/home/hari/.local/Apps/node-v4.2.1-linux-x64/lib/node_modules/npm/lib/utils/spawn.js:24:14)
9 verbose stack     at emitTwo (events.js:87:13)
9 verbose stack     at ChildProcess.emit (events.js:172:7)
9 verbose stack     at maybeClose (internal/child_process.js:818:16)
9 verbose stack     at Process.ChildProcess._handle.onexit (internal/child_process.js:211:5)
10 verbose pkgid code-templates@0.0.1
11 verbose cwd /home/hari/Projects/templates
12 error Linux 3.16.0-67-generic
13 error argv "/home/hari/.local/Apps/node-v4.2.1-linux-x64/bin/node" "/home/hari/.local/bin/npm" "start"
14 error node v4.2.1
15 error npm  v2.14.7
16 error code ELIFECYCLE
17 error code-templates@0.0.1 start: `node server.js`
17 error Exit status 1
18 error Failed at the code-templates@0.0.1 start script 'node server.js'.
18 error This is most likely a problem with the code-templates package,
18 error not with npm itself.
18 error Tell the author that this fails on your system:
18 error     node server.js
18 error You can get their info via:
18 error     npm owner ls code-templates
18 error There is likely additional logging output above.
19 verbose exit [ 1, true ]
